2025-04-04 10:04:00.903758 - Received CBT.V508.FILE457.PDS from FILE457.XMI 
2025-04-04 10:04:00.905587 - Found $$$#DATE.txt (text/plain) in CBT.V508.FILE457.PDS, moved to PDS/$$$#DATE
2025-04-04 10:04:00.905755 - Found $$$DOC.txt (text/plain) in CBT.V508.FILE457.PDS, moved to PDS/$$$DOC
2025-04-04 10:04:00.905901 - Found $$$PROCS.jcl (text/plain) in CBT.V508.FILE457.PDS, moved to PDS/$$$PROCS
2025-04-04 10:04:00.906032 - Found #DOC#.txt (text/plain) in CBT.V508.FILE457.PDS, moved to PDS/#DOC#
2025-04-04 10:04:00.906157 - Found #INFO#.txt (text/plain) in CBT.V508.FILE457.PDS, moved to PDS/#INFO#
2025-04-04 10:04:00.906281 - Found @FILE457.txt (text/plain) in CBT.V508.FILE457.PDS, moved to PDS/@FILE457
2025-04-04 10:04:00.906426 - Found BLACKJK.txt (text/plain) in CBT.V508.FILE457.PDS, moved to PDS/BLACKJK
2025-04-04 10:04:00.906554 - Found BLACKJK$.jcl (text/plain) in CBT.V508.FILE457.PDS, moved to PDS/BLACKJK$
2025-04-04 10:04:00.906675 - Found BLACKJKP.txt (text/plain) in CBT.V508.FILE457.PDS, moved to PDS/BLACKJKP
2025-04-04 10:04:00.906810 - Found BLACKJK1.txt (text/plain) in CBT.V508.FILE457.PDS, moved to PDS/BLACKJK1
2025-04-04 10:04:00.906961 - Found BLACKJK2.txt (text/plain) in CBT.V508.FILE457.PDS, moved to PDS/BLACKJK2
2025-04-04 10:04:00.907087 - Found BLACKJK3.txt (text/plain) in CBT.V508.FILE457.PDS, moved to PDS/BLACKJK3
2025-04-04 10:04:00.907209 - Found DECIDER.txt (text/plain) in CBT.V508.FILE457.PDS, moved to PDS/DECIDER
2025-04-04 10:04:00.907333 - Found DECIDER$.jcl (text/plain) in CBT.V508.FILE457.PDS, moved to PDS/DECIDER$
2025-04-04 10:04:00.907467 - Found DIVER.txt (text/plain) in CBT.V508.FILE457.PDS, moved to PDS/DIVER
2025-04-04 10:04:00.907611 - Found DIVER$.jcl (text/plain) in CBT.V508.FILE457.PDS, moved to PDS/DIVER$
2025-04-04 10:04:00.907795 - Found GDDM.txt (text/plain) in CBT.V508.FILE457.PDS, moved to PDS/GDDM
2025-04-04 10:04:00.907937 - Found GDDM$.jcl (text/plain) in CBT.V508.FILE457.PDS, moved to PDS/GDDM$
2025-04-04 10:04:00.908061 - Found JOTTO.txt (text/plain) in CBT.V508.FILE457.PDS, moved to PDS/JOTTO
2025-04-04 10:04:00.908183 - Found JOTTO$.jcl (text/plain) in CBT.V508.FILE457.PDS, moved to PDS/JOTTO$
2025-04-04 10:04:00.908306 - Found KALAH.txt (text/plain) in CBT.V508.FILE457.PDS, moved to PDS/KALAH
2025-04-04 10:04:00.908498 - Found KALAH$.jcl (text/plain) in CBT.V508.FILE457.PDS, moved to PDS/KALAH$
2025-04-04 10:04:00.909663 - Found KLINGON.txt (text/plain) in CBT.V508.FILE457.PDS, moved to PDS/KLINGON
2025-04-04 10:04:00.909818 - Found KLINGON$.jcl (text/plain) in CBT.V508.FILE457.PDS, moved to PDS/KLINGON$
2025-04-04 10:04:00.909963 - Found LIFE.txt (text/plain) in CBT.V508.FILE457.PDS, moved to PDS/LIFE
2025-04-04 10:04:00.910086 - Found LIFE$.jcl (text/plain) in CBT.V508.FILE457.PDS, moved to PDS/LIFE$
2025-04-04 10:04:00.910212 - Found LUNAR.txt (text/plain) in CBT.V508.FILE457.PDS, moved to PDS/LUNAR
2025-04-04 10:04:00.910335 - Found LUNAR$.jcl (text/plain) in CBT.V508.FILE457.PDS, moved to PDS/LUNAR$
2025-04-04 10:04:00.910454 - Found PAJCANIM.txt (text/plain) in CBT.V508.FILE457.PDS, moved to PDS/PAJCANIM
2025-04-04 10:04:00.910574 - Found PAJCBIRD.txt (text/plain) in CBT.V508.FILE457.PDS, moved to PDS/PAJCBIRD
2025-04-04 10:04:00.910693 - Found PAJCGDDM.txt (text/plain) in CBT.V508.FILE457.PDS, moved to PDS/PAJCGDDM
2025-04-04 10:04:00.910821 - Found POKER.txt (text/plain) in CBT.V508.FILE457.PDS, moved to PDS/POKER
2025-04-04 10:04:00.910936 - Found POKER$.jcl (text/plain) in CBT.V508.FILE457.PDS, moved to PDS/POKER$
2025-04-04 10:04:00.911055 - Found SEIKO.txt (text/plain) in CBT.V508.FILE457.PDS, moved to PDS/SEIKO
2025-04-04 10:04:00.911181 - Found SEIKO$.jcl (text/plain) in CBT.V508.FILE457.PDS, moved to PDS/SEIKO$
2025-04-04 10:04:00.911314 - Found SEIKOH.txt (text/plain) in CBT.V508.FILE457.PDS, moved to PDS/SEIKOH
2025-04-04 10:04:00.911443 - Found SNAKE.txt (text/plain) in CBT.V508.FILE457.PDS, moved to PDS/SNAKE
2025-04-04 10:04:00.911576 - Found SNAKE$.jcl (text/plain) in CBT.V508.FILE457.PDS, moved to PDS/SNAKE$
2025-04-04 10:04:00.911710 - Found SNAKE@.txt (text/plain) in CBT.V508.FILE457.PDS, moved to PDS/SNAKE@
2025-04-04 10:04:00.911843 - Found STREK.txt (text/plain) in CBT.V508.FILE457.PDS, moved to PDS/STREK
2025-04-04 10:04:00.911971 - Found STREK$.jcl (text/plain) in CBT.V508.FILE457.PDS, moved to PDS/STREK$
2025-04-04 10:04:00.912111 - Found T3270FS.txt (text/plain) in CBT.V508.FILE457.PDS, moved to PDS/T3270FS
2025-04-04 10:04:00.912226 - Found T3270FS$.jcl (text/plain) in CBT.V508.FILE457.PDS, moved to PDS/T3270FS$
2025-04-04 10:04:00.912367 - Found WORM.txt (text/plain) in CBT.V508.FILE457.PDS, moved to PDS/WORM
2025-04-04 10:04:00.912641 - Found WORM$.jcl (text/plain) in CBT.V508.FILE457.PDS, moved to PDS/WORM$
2025-04-04 10:04:00.912779 - Found WORM@.txt (text/plain) in CBT.V508.FILE457.PDS, moved to PDS/WORM@
